Arguments: 
  /usr/local/bin/node /Users/aershov/Documents/Work/external-adapters-js/.yarn/releases/yarn-1.22.5.cjs setup

PATH: 
  /usr/local/bin:/usr/bin:/bin:/usr/sbin:/sbin

Yarn version: 
  1.22.5

Node version: 
  14.16.0

Platform: 
  darwin x64

Trace: 
  SyntaxError: /Users/aershov/Documents/Work/external-adapters-js/package.json: Unexpected end of JSON input
      at JSON.parse (<anonymous>)
      at /Users/aershov/Documents/Work/external-adapters-js/.yarn/releases/yarn-1.22.5.cjs:1098:57
      at Generator.next (<anonymous>)
      at step (/Users/aershov/Documents/Work/external-adapters-js/.yarn/releases/yarn-1.22.5.cjs:310:30)
      at /Users/aershov/Documents/Work/external-adapters-js/.yarn/releases/yarn-1.22.5.cjs:321:13

npm manifest: 
  {
    "name": "@chainlink/goldapi.io-adapter",
    "version": "0.0.3",
    "description": "Chainlink goldapi.io adapter.",
    "keywords": [
      "Chainlink",
      "LINK",
      "blockchain",
      "oracle",
      "goldapi.io"
    ],
    "main": "dist/index.js",
    "types": "dist/index.d.ts",
    "files": [
      "dist"
    ],
    "repository": {
      "url": "https://github.com/smartcontractkit/external-adapters-js",
      "type": "git"
    },
    "license": "MIT",
    "scripts": {
      "prepublishOnly": "yarn build && yarn test:unit",
      "setup": "yarn build",
      "build": "tsc -b",
      "lint": "eslint --ignore-path ../.eslintignore . --ext .js,.jsx,.ts,.tsx",
      "lint:fix": "eslint --ignore-path ../.eslintignore . --ext .js,.jsx,.ts,.tsx --fix",
      "test": "mocha --exit --timeout 3000 -r ts-node/register 'test/**/*.test.ts'",
      "test:unit": "mocha --exit --grep @integration --invert -r ts-node/register 'test/**/*.test.ts'",
      "test:integration": "mocha --exit --timeout 3000 --grep @integration -r ts-node/register 'test/**/*.test.ts'",
      "server": "node -e 'require(\"./index.js\").server()'",
      "server:dist": "node -e 'require(\"./dist/index.js\").server()'",
      "start": "yarn server:dist"
    },
    "devDependencies": {
      "@types/chai": "^4.2.11",
      "@types/express": "^4.17.6",
      "@types/mocha": "^7.0.2",
      "@types/node": "^14.0.13",
      "@typescript-eslint/eslint-plugin": "^3.9.0",
      "@typescript-eslint/parser": "^3.9.0",
      "ts-node": "^8.10.2",
      "typescript": "^3.9.7"
    },
    "dependencies": {}
  }

yarn manifest: 
  No manifest

Lockfile: 
  No lockfile
